2021-12-07 15:49:31 - INFO - "GET / HTTP/1.1" 200 1219
2021-12-07 15:49:31 - INFO - "GET /static/style.css HTTP/1.1" 200 648
2021-12-07 15:49:31 - INFO - "GET /favicon.ico HTTP/1.1" 200 1739
2021-12-07 16:44:16 - INFO - "GET /plants HTTP/1.1" 200 703
2021-12-07 16:44:16 - INFO - "GET /plants/1 HTTP/1.1" 200 187
2021-12-07 16:44:16 - INFO - "GET /plants/2 HTTP/1.1" 200 290
2021-12-07 16:44:16 - INFO - "GET /plants/3 HTTP/1.1" 200 220
2021-12-07 17:03:42 - INFO - "GET /plants HTTP/1.1" 200 2
2021-12-07 17:03:42 - INFO - "GET /plants HTTP/1.1" 200 2
2021-12-07 17:03:42 - INFO - "GET /favicon.ico HTTP/1.1" 304 0
2021-12-07 17:04:15 - INFO - "GET /plants HTTP/1.1" 200 1017
2021-12-07 17:04:15 - INFO - "GET /plants/1 HTTP/1.1" 200 278
2021-12-07 17:04:15 - INFO - "GET /plants/2 HTTP/1.1" 200 374
2021-12-07 17:04:15 - INFO - "GET /plants/3 HTTP/1.1" 200 359
2021-12-07 17:08:11 - INFO - "GET /plants HTTP/1.1" 200 1017
2021-12-07 17:08:11 - INFO - "POST /plants HTTP/1.1" 200 248
2021-12-07 17:08:11 - INFO - "GET /plants HTTP/1.1" 200 1267
2021-12-07 17:12:14 - INFO - "GET /plants/4 HTTP/1.1" 200 248
2021-12-07 17:12:14 - INFO - "PUT /plants/4 HTTP/1.1" 200 253
2021-12-07 17:12:14 - INFO - "GET /plants/4 HTTP/1.1" 200 251
2021-12-07 17:12:14 - INFO - "GET /plants HTTP/1.1" 200 1270
2021-12-07 17:13:53 - INFO - "GET /plants HTTP/1.1" 200 1270
2021-12-07 17:13:53 - INFO - "DELETE /plants/4 HTTP/1.1" 200 253
2021-12-07 17:13:53 - INFO - "GET /plants HTTP/1.1" 200 1017
2021-12-07 17:48:40 - INFO - "GET /plants HTTP/1.1" 200 1017
2021-12-07 18:00:19 - INFO - "GET /plants HTTP/1.1" 200 1017
2021-12-07 18:00:19 - INFO - "GET /favicon.ico HTTP/1.1" 304 0
